<?xml version="1.0" encoding="UTF-8"?>
<!-- Generated by org.testng.reporters.JUnitXMLReporter -->
<testsuite hostname="Namita" ignored="1" name="Test" tests="1" failures="0" timestamp="2020-07-22T13:18:41 IST" time="6.024" errors="0">
  <testcase name="verify_the_status_for_get_weather_by_city" time="5.903" classname="com.weather_api.Testcases.TestCases_for_weather_api"/>
  <testcase name="getWeatherForCity" time="0.0" classname="test_cases.TestCases_WeatherApi">
    <ignored/>
  </testcase> <!-- getWeatherForCity -->
</testsuite> <!-- Test -->
